<?xml version="1.0" encoding="UTF-8" ?>
<testsuites errors="5"
            failures="10"
            tests="8">

  <testsuite name="FE.myProfile"
    errors="5" failures="10" hostname="" id="" package="FE" skipped="0"
    tests="8" time="998.0" timestamp="">
  
    <testcase name="No Badges Earned&#39; message when no badges were earned to their profile" classname="FE.myProfile" time="80.47" assertions="3">

      <failure message="Timed out while waiting for element &lt;ul[class=&#39;navbar-nav justify-content-end&#39;] app-dropdown-wrapper div[class=&#39;position-relative&#39;] div[class=&#39;pt-2&#39;] li[class=&#39;icon nav-item dropdown px-2 d-flex align-items-center justify-content-center&#39;] a[class=&#39;nav-link text-body p-0 text-white&#39;] div i[class=&#39;material-icons user-icon&#39;]&gt; to be present for 3000 milliseconds. - expected &#34;visible&#34; but got: &#34;not found&#34; (3072ms)">    at Page.ClickOnMyProfile (/home/knoldus/Desktop/feature-myProfile/go1Percent_Automation/go1percent/page-objects/myProfilePage.js:91:18)
    at DescribeInstance.&lt;anonymous&gt; (/home/knoldus/Desktop/feature-myProfile/go1Percent_Automation/go1percent/test/FE/myProfile.js:26:14)
    at new Promise (&lt;anonymous&gt;)</failure>

      <failure message="Timed out while waiting for element &lt;div[class=&#39;d-flex flex-column align-items-center my-auto&#39;] p&gt; to be present for 30000 milliseconds. - expected &#34;visible&#34; but got: &#34;not found&#34; (30001ms)">    at Page.BadgeCheck (/home/knoldus/Desktop/feature-myProfile/go1Percent_Automation/go1percent/page-objects/myProfilePage.js:129:14)
    at DescribeInstance.&lt;anonymous&gt; (/home/knoldus/Desktop/feature-myProfile/go1Percent_Automation/go1percent/test/FE/myProfile.js:68:14)</failure>
<system-out>[[ATTACHMENT|/home/knoldus/Desktop/feature-myProfile/go1Percent_Automation/go1percent/screens/FE/myProfile/No-Badges-Earned-message-when-no-badges-were-earned-to-their-profile_FAILED_Nov-01-2023-143652-GMT+0530.png]]</system-out>
    
    <error message="Timed out while waiting for element &lt;div[class=&#39;d-flex flex-column align-items-center my-auto&#39;] p&gt; to be present for 30000 milliseconds. - expected [32m&#34;visible&#34;[39m but got: [31m&#34;not found&#34;[39m [90m(30001ms)[39m" type="error"><![CDATA[
    Error
    at Command.executeCommand (/home/knoldus/Desktop/feature-myProfile/go1Percent_Automation/go1percent/node_modules/nightwatch/dist/page-object/command-wrapper.js:235:26)
    at Page.waitForElementVisible (/home/knoldus/Desktop/feature-myProfile/go1Percent_Automation/go1percent/node_modules/nightwatch/dist/page-object/command-wrapper.js:72:33)
    at Page.BadgeCheck (/home/knoldus/Desktop/feature-myProfile/go1Percent_Automation/go1percent/page-objects/myProfilePage.js:129:14)
    at DescribeInstance.&lt;anonymous&gt; (/home/knoldus/Desktop/feature-myProfile/go1Percent_Automation/go1percent/test/FE/myProfile.js:68:14)
    at Context.call (/home/knoldus/Desktop/feature-myProfile/go1Percent_Automation/go1percent/node_modules/nightwatch/dist/testsuite/context.js:413:39)
    at TestCase.run (/home/knoldus/Desktop/feature-myProfile/go1Percent_Automation/go1percent/node_modules/nightwatch/dist/testsuite/testcase.js:50:39)
    at Runnable.__runFn (/home/knoldus/Desktop/feature-myProfile/go1Percent_Automation/go1percent/node_modules/nightwatch/dist/testsuite/index.js:675:84)
    at Runnable.run (/home/knoldus/Desktop/feature-myProfile/go1Percent_Automation/go1percent/node_modules/nightwatch/dist/testsuite/runnable.js:103:27)
    at TestSuite.executeRunnable (/home/knoldus/Desktop/feature-myProfile/go1Percent_Automation/go1percent/node_modules/nightwatch/dist/testsuite/index.js:809:55)
    at TestSuite.handleRunnable (/home/knoldus/Desktop/feature-myProfile/go1Percent_Automation/go1percent/node_modules/nightwatch/dist/testsuite/index.js:822:39)
    ]]></error>
    
    </testcase>
  
    <testcase name="View the profile picture along with the monthly rank" classname="FE.myProfile" time="46.79" assertions="5">

    

    

    

      <failure message="Profile Pic exist in 5000ms - expected &#34;is present&#34; but got: &#34;not present&#34; (5169ms)">    at DescribeInstance.&lt;anonymous&gt; (/home/knoldus/Desktop/feature-myProfile/go1Percent_Automation/go1percent/test/FE/myProfile.js:76:21)</failure>
<system-out>[[ATTACHMENT|/home/knoldus/Desktop/feature-myProfile/go1Percent_Automation/go1percent/screens/FE/myProfile/View-the-profile-picture-along-with-the-monthly-rank_FAILED_Nov-01-2023-143739-GMT+0530.png]]</system-out>
    
    </testcase>
  
    <testcase name="Change their profile picture by clicking on update profile page" classname="FE.myProfile" time="45.91" assertions="7">

    

    

    

      <failure message="myProfile.pause(...).ClickOnUpdateProfilePic(...).pause(...).expect is not a function">TypeError: myProfile.pause(...).ClickOnUpdateProfilePic(...).pause(...).expect is not a function
    at DescribeInstance.&lt;anonymous&gt; (/home/knoldus/Desktop/feature-myProfile/go1Percent_Automation/go1percent/test/FE/myProfile.js:86:14)</failure>

    

    
<system-out>[[ATTACHMENT|/home/knoldus/Desktop/feature-myProfile/go1Percent_Automation/go1percent/screens/FE/myProfile/Change-their-profile-picture-by-clicking-on-update-profile-page_FAILED_Nov-01-2023-143813-GMT+0530.png]]</system-out>
    
    </testcase>
  
    <testcase name="Name and competency name on the profile page" classname="FE.myProfile" time="60.38" assertions="2">  <failure message="URL contains my-dashboard in 5000ms - expected &#34;contains &#39;my-dashboard&#39;&#34; but got: &#34;https://auth.go1percent.com/auth/realms/nashtech/login-actions/authenticate?execution=cb36f633-2f8f-4b2b-b694-30cc71983e40&amp;client_id=leaderboard-qa-ui&amp;tab_id=_v-bwW7ddXw&#34; (5088ms)">    at DescribeInstance.&lt;anonymous&gt; (/home/knoldus/Desktop/feature-myProfile/go1Percent_Automation/go1percent/test/FE/myProfile.js:22:21)
    at new Promise (&lt;anonymous&gt;)</failure>

      <failure message="User Name Visible in 5000ms - expected &#34;is present&#34; but got: &#34;not present&#34; (5174ms)">    at DescribeInstance.&lt;anonymous&gt; (/home/knoldus/Desktop/feature-myProfile/go1Percent_Automation/go1percent/test/FE/myProfile.js:93:17)</failure>
<system-out>[[ATTACHMENT|/home/knoldus/Desktop/feature-myProfile/go1Percent_Automation/go1percent/screens/FE/myProfile/Name-and-competency-name-on-the-profile-page_FAILED_Nov-01-2023-143925-GMT+0530.png]]</system-out>
    
    <error message="User Name Visible in 5000ms - expected [32m&#34;is present&#34;[39m but got: [31m&#34;not present&#34;[39m [90m(5174ms)[39m" type="error"><![CDATA[
    Error
    at Command.executeCommand (/home/knoldus/Desktop/feature-myProfile/go1Percent_Automation/go1percent/node_modules/nightwatch/dist/page-object/command-wrapper.js:235:26)
    at Object.elementPresent (/home/knoldus/Desktop/feature-myProfile/go1Percent_Automation/go1percent/node_modules/nightwatch/dist/page-object/command-wrapper.js:72:33)
    at Proxy.&lt;anonymous&gt; (/home/knoldus/Desktop/feature-myProfile/go1Percent_Automation/go1percent/node_modules/nightwatch/dist/api/index.js:140:40)
    at DescribeInstance.&lt;anonymous&gt; (/home/knoldus/Desktop/feature-myProfile/go1Percent_Automation/go1percent/test/FE/myProfile.js:93:17)
    at Context.call (/home/knoldus/Desktop/feature-myProfile/go1Percent_Automation/go1percent/node_modules/nightwatch/dist/testsuite/context.js:413:39)
    at TestCase.run (/home/knoldus/Desktop/feature-myProfile/go1Percent_Automation/go1percent/node_modules/nightwatch/dist/testsuite/testcase.js:50:39)
    at Runnable.__runFn (/home/knoldus/Desktop/feature-myProfile/go1Percent_Automation/go1percent/node_modules/nightwatch/dist/testsuite/index.js:675:84)
    at Runnable.run (/home/knoldus/Desktop/feature-myProfile/go1Percent_Automation/go1percent/node_modules/nightwatch/dist/testsuite/runnable.js:103:27)
    at TestSuite.executeRunnable (/home/knoldus/Desktop/feature-myProfile/go1Percent_Automation/go1percent/node_modules/nightwatch/dist/testsuite/index.js:809:55)
    at TestSuite.handleRunnable (/home/knoldus/Desktop/feature-myProfile/go1Percent_Automation/go1percent/node_modules/nightwatch/dist/testsuite/index.js:822:39)
    ]]></error>
    
    </testcase>
  
    <testcase name="View the points, overall rank and monthly score on the profile page" classname="FE.myProfile" time="34.56" assertions="7">

    

    

    

    

    

    

    
    </testcase>
  
    <testcase name="View the reward if redeemed" classname="FE.myProfile" time="61.75" assertions="5">

    

    

    

      <failure message="Reward redeemed for the user in 5000ms - expected &#34;is present&#34; but got: &#34;not present&#34; (5147ms)">    at DescribeInstance.&lt;anonymous&gt; (/home/knoldus/Desktop/feature-myProfile/go1Percent_Automation/go1percent/test/FE/myProfile.js:119:25)</failure>
<system-out>[[ATTACHMENT|/home/knoldus/Desktop/feature-myProfile/go1Percent_Automation/go1percent/screens/FE/myProfile/View-the-reward-if-redeemed_FAILED_Nov-01-2023-144101-GMT+0530.png]]</system-out>
    
    </testcase>
  
    <testcase name="View all the rewards redeemed by him/her" classname="FE.myProfile" time="91.97" assertions="2">  <failure message="URL contains my-dashboard in 5000ms - expected &#34;contains &#39;my-dashboard&#39;&#34; but got: &#34;https://auth.go1percent.com/auth/realms/nashtech/login-actions/authenticate?execution=cb36f633-2f8f-4b2b-b694-30cc71983e40&amp;client_id=leaderboard-qa-ui&amp;tab_id=rbAmREF-Oa4&#34; (5094ms)">    at DescribeInstance.&lt;anonymous&gt; (/home/knoldus/Desktop/feature-myProfile/go1Percent_Automation/go1percent/test/FE/myProfile.js:22:21)
    at new Promise (&lt;anonymous&gt;)</failure>

      <failure message="All redeemed reward for the user displyed in 5000ms - expected &#34;is present&#34; but got: &#34;not present&#34; (5128ms)">    at DescribeInstance.&lt;anonymous&gt; (/home/knoldus/Desktop/feature-myProfile/go1Percent_Automation/go1percent/test/FE/myProfile.js:127:17)</failure>
<system-out>[[ATTACHMENT|/home/knoldus/Desktop/feature-myProfile/go1Percent_Automation/go1percent/screens/FE/myProfile/View-all-the-rewards-redeemed-by-him/her_FAILED_Nov-01-2023-144233-GMT+0530.png]]</system-out>
    
    <error message="All redeemed reward for the user displyed in 5000ms - expected [32m&#34;is present&#34;[39m but got: [31m&#34;not present&#34;[39m [90m(5128ms)[39m" type="error"><![CDATA[
    Error
    at Command.executeCommand (/home/knoldus/Desktop/feature-myProfile/go1Percent_Automation/go1percent/node_modules/nightwatch/dist/page-object/command-wrapper.js:235:26)
    at Object.elementPresent (/home/knoldus/Desktop/feature-myProfile/go1Percent_Automation/go1percent/node_modules/nightwatch/dist/page-object/command-wrapper.js:72:33)
    at Proxy.&lt;anonymous&gt; (/home/knoldus/Desktop/feature-myProfile/go1Percent_Automation/go1percent/node_modules/nightwatch/dist/api/index.js:140:40)
    at DescribeInstance.&lt;anonymous&gt; (/home/knoldus/Desktop/feature-myProfile/go1Percent_Automation/go1percent/test/FE/myProfile.js:127:17)
    at Context.call (/home/knoldus/Desktop/feature-myProfile/go1Percent_Automation/go1percent/node_modules/nightwatch/dist/testsuite/context.js:413:39)
    at TestCase.run (/home/knoldus/Desktop/feature-myProfile/go1Percent_Automation/go1percent/node_modules/nightwatch/dist/testsuite/testcase.js:50:39)
    at Runnable.__runFn (/home/knoldus/Desktop/feature-myProfile/go1Percent_Automation/go1percent/node_modules/nightwatch/dist/testsuite/index.js:675:84)
    at Runnable.run (/home/knoldus/Desktop/feature-myProfile/go1Percent_Automation/go1percent/node_modules/nightwatch/dist/testsuite/runnable.js:103:27)
    at TestSuite.executeRunnable (/home/knoldus/Desktop/feature-myProfile/go1Percent_Automation/go1percent/node_modules/nightwatch/dist/testsuite/index.js:809:55)
    at TestSuite.handleRunnable (/home/knoldus/Desktop/feature-myProfile/go1Percent_Automation/go1percent/node_modules/nightwatch/dist/testsuite/index.js:822:39)
    ]]></error>
    
    </testcase>
  
    <testcase name="See month and score and rank by clicking on the badges" classname="FE.myProfile" time="77.15" assertions="5">

    

    

    

      <failure message="Timed out while waiting for element &lt;//body/app-root/div/app-main/section[@class=&#39;g-sidenav-show&#39;]/main[@class=&#39;main-content position-relative max-height-vh-100 h-100 border-radius-lg&#39;]/div[@class=&#39;container-fluid pb-4&#39;]/div[@class=&#39;row&#39;]/div[@class=&#39;col-12&#39;]/app-my-profile/div[@class=&#39;row board-pos&#39;]/div[@class=&#39;col-lg-8&#39;]/div[@class=&#39;card mt-2 card-gap&#39;]/div[@class=&#39;row badge-card p-3&#39;]/div[@class=&#39;d-flex justify-content-start align-items-center no-scroll-badges&#39;]/div[1]/div[1]/div[1]//*[name()=&#39;svg&#39;]&gt; to be present for 30000 milliseconds. - expected &#34;visible&#34; but got: &#34;not found&#34; (30192ms)">    at Page.ClickOnBadge (/home/knoldus/Desktop/feature-myProfile/go1Percent_Automation/go1percent/page-objects/myProfilePage.js:69:18)
    at DescribeInstance.&lt;anonymous&gt; (/home/knoldus/Desktop/feature-myProfile/go1Percent_Automation/go1percent/test/FE/myProfile.js:140:10)</failure>
<system-out>[[ATTACHMENT|/home/knoldus/Desktop/feature-myProfile/go1Percent_Automation/go1percent/screens/FE/myProfile/See-month-and-score-and-rank-by-clicking-on-the-badges_FAILED_Nov-01-2023-144350-GMT+0530.png]]</system-out>
    
    </testcase>
  

  
    <system-err>
       NoSuchElementError
   An element could not be located on the page using the given search parameters.

    Try fixing by :
    1. Please inspect the html before the step
    2. Verify if an element with the mentioned selector is present in the DOM tree

    Error location:
    /home/knoldus/Desktop/feature-myProfile/go1Percent_Automation/go1percent/test/FE/myProfile.js:
    –––––––––––––––––––––––––––––––––––––––––––––––––––––––––––––––––––––––––––––––––––––––––––––––
     17 |             .navigate()
     18 |             .pause(3000)
     19 |             .enterCredentials(browser.globals.userName, browser.globals.password) 
     20 |             //browser.pause(3000);
     21 |             .signIn()
    –––––––––––––––––––––––––––––––––––––––––––––––––––––––––––––––––––––––––––––––––––––––––––––––

 NoSuchElementError
   An element could not be located on the page using the given search parameters.

    Try fixing by :
    1. Please inspect the html before the step
    2. Verify if an element with the mentioned selector is present in the DOM tree

    Error location:
    /home/knoldus/Desktop/feature-myProfile/go1Percent_Automation/go1percent/test/FE/myProfile.js:
    –––––––––––––––––––––––––––––––––––––––––––––––––––––––––––––––––––––––––––––––––––––––––––––––
     17 |             .navigate()
     18 |             .pause(3000)
     19 |             .enterCredentials(browser.globals.userName, browser.globals.password) 
     20 |             //browser.pause(3000);
     21 |             .signIn()
    –––––––––––––––––––––––––––––––––––––––––––––––––––––––––––––––––––––––––––––––––––––––––––––––

 NoSuchElementError
   An element could not be located on the page using the given search parameters.

    Try fixing by :
    1. Please inspect the html before the step
    2. Verify if an element with the mentioned selector is present in the DOM tree

    Error location:
    /home/knoldus/Desktop/feature-myProfile/go1Percent_Automation/go1percent/test/FE/myProfile.js:
    –––––––––––––––––––––––––––––––––––––––––––––––––––––––––––––––––––––––––––––––––––––––––––––––
     17 |             .navigate()
     18 |             .pause(3000)
     19 |             .enterCredentials(browser.globals.userName, browser.globals.password) 
     20 |             //browser.pause(3000);
     21 |             .signIn()
    –––––––––––––––––––––––––––––––––––––––––––––––––––––––––––––––––––––––––––––––––––––––––––––––

 TimeoutError
   An error occurred while running .click() command on &lt;Element [name=@Setting]&gt;: Element &lt;i class=&#34;material-icons user-icon&#34;&gt; is not clickable at point (1236,61) because another element &lt;div id=&#34;myModal&#34; class=&#34;modal&#34;&gt; obscures it
    {&#34;error&#34;:{&#34;name&#34;:&#34;ElementClickInterceptedError&#34;,&#34;remoteStacktrace&#34;:&#34;&#34;},&#34;status&#34;:-1,&#34;value&#34;:null}

    Error location:
    /home/knoldus/Desktop/feature-myProfile/go1Percent_Automation/go1percent/test/FE/myProfile.js:
    –––––––––––––––––––––––––––––––––––––––––––––––––––––––––––––––––––––––––––––––––––––––––––––––
     24 |             //.page.myProfilePage()
     25 |             .pause(1000)
     26 |             .ClickOnMyProfile() 
     27 |             .pause(1000)
     28 |             .assert.urlContains(&#34;my-profile&#34;, &#39;URL contains my-profile&#39;)
    –––––––––––––––––––––––––––––––––––––––––––––––––––––––––––––––––––––––––––––––––––––––––––––––

 NoSuchElementError
   An element could not be located on the page using the given search parameters.

    Try fixing by :
    1. Please inspect the html before the step
    2. Verify if an element with the mentioned selector is present in the DOM tree

    Error location:
    /home/knoldus/Desktop/feature-myProfile/go1Percent_Automation/go1percent/test/FE/myProfile.js:
    –––––––––––––––––––––––––––––––––––––––––––––––––––––––––––––––––––––––––––––––––––––––––––––––
     17 |             .navigate()
     18 |             .pause(3000)
     19 |             .enterCredentials(browser.globals.userName, browser.globals.password) 
     20 |             //browser.pause(3000);
     21 |             .signIn()
    –––––––––––––––––––––––––––––––––––––––––––––––––––––––––––––––––––––––––––––––––––––––––––––––

 NoSuchElementError
   An element could not be located on the page using the given search parameters.

    Try fixing by :
    1. Please inspect the html before the step
    2. Verify if an element with the mentioned selector is present in the DOM tree

    Error location:
    /home/knoldus/Desktop/feature-myProfile/go1Percent_Automation/go1percent/test/FE/myProfile.js:
    –––––––––––––––––––––––––––––––––––––––––––––––––––––––––––––––––––––––––––––––––––––––––––––––
     17 |             .navigate()
     18 |             .pause(3000)
     19 |             .enterCredentials(browser.globals.userName, browser.globals.password) 
     20 |             //browser.pause(3000);
     21 |             .signIn()
    –––––––––––––––––––––––––––––––––––––––––––––––––––––––––––––––––––––––––––––––––––––––––––––––

 NoSuchElementError
   An element could not be located on the page using the given search parameters.

    Try fixing by :
    1. Please inspect the html before the step
    2. Verify if an element with the mentioned selector is present in the DOM tree

    Error location:
    /home/knoldus/Desktop/feature-myProfile/go1Percent_Automation/go1percent/test/FE/myProfile.js:
    –––––––––––––––––––––––––––––––––––––––––––––––––––––––––––––––––––––––––––––––––––––––––––––––
     19 |             .enterCredentials(browser.globals.userName, browser.globals.password)
     20 |             //browser.pause(3000);
     21 |             .signIn() 
     22 |             .assert.urlContains(&#34;my-dashboard&#34;, &#39;URL contains my-dashboard&#39;);
     23 |         myProfile
    –––––––––––––––––––––––––––––––––––––––––––––––––––––––––––––––––––––––––––––––––––––––––––––––

 NoSuchElementError
   An element could not be located on the page using the given search parameters.

    Try fixing by :
    1. Please inspect the html before the step
    2. Verify if an element with the mentioned selector is present in the DOM tree

    Error location:
    /home/knoldus/Desktop/feature-myProfile/go1Percent_Automation/go1percent/test/FE/myProfile.js:
    –––––––––––––––––––––––––––––––––––––––––––––––––––––––––––––––––––––––––––––––––––––––––––––––
     17 |             .navigate()
     18 |             .pause(3000)
     19 |             .enterCredentials(browser.globals.userName, browser.globals.password) 
     20 |             //browser.pause(3000);
     21 |             .signIn()
    –––––––––––––––––––––––––––––––––––––––––––––––––––––––––––––––––––––––––––––––––––––––––––––––

 NoSuchElementError
   An element could not be located on the page using the given search parameters.

    Try fixing by :
    1. Please inspect the html before the step
    2. Verify if an element with the mentioned selector is present in the DOM tree

    Error location:
    /home/knoldus/Desktop/feature-myProfile/go1Percent_Automation/go1percent/test/FE/myProfile.js:
    –––––––––––––––––––––––––––––––––––––––––––––––––––––––––––––––––––––––––––––––––––––––––––––––
     17 |             .navigate()
     18 |             .pause(3000)
     19 |             .enterCredentials(browser.globals.userName, browser.globals.password) 
     20 |             //browser.pause(3000);
     21 |             .signIn()
    –––––––––––––––––––––––––––––––––––––––––––––––––––––––––––––––––––––––––––––––––––––––––––––––

 NoSuchElementError
   An element could not be located on the page using the given search parameters.

    Try fixing by :
    1. Please inspect the html before the step
    2. Verify if an element with the mentioned selector is present in the DOM tree

    Error location:
    /home/knoldus/Desktop/feature-myProfile/go1Percent_Automation/go1percent/test/FE/myProfile.js:
    –––––––––––––––––––––––––––––––––––––––––––––––––––––––––––––––––––––––––––––––––––––––––––––––
     19 |             .enterCredentials(browser.globals.userName, browser.globals.password)
     20 |             //browser.pause(3000);
     21 |             .signIn() 
     22 |             .assert.urlContains(&#34;my-dashboard&#34;, &#39;URL contains my-dashboard&#39;);
     23 |         myProfile
    –––––––––––––––––––––––––––––––––––––––––––––––––––––––––––––––––––––––––––––––––––––––––––––––

 NoSuchElementError
   An element could not be located on the page using the given search parameters.

    Try fixing by :
    1. Please inspect the html before the step
    2. Verify if an element with the mentioned selector is present in the DOM tree

    Error location:
    /home/knoldus/Desktop/feature-myProfile/go1Percent_Automation/go1percent/test/FE/myProfile.js:
    –––––––––––––––––––––––––––––––––––––––––––––––––––––––––––––––––––––––––––––––––––––––––––––––
     17 |             .navigate()
     18 |             .pause(3000)
     19 |             .enterCredentials(browser.globals.userName, browser.globals.password) 
     20 |             //browser.pause(3000);
     21 |             .signIn()
    –––––––––––––––––––––––––––––––––––––––––––––––––––––––––––––––––––––––––––––––––––––––––––––––

 NoSuchElementError
   An element could not be located on the page using the given search parameters.

    Try fixing by :
    1. Please inspect the html before the step
    2. Verify if an element with the mentioned selector is present in the DOM tree

    Error location:
    /home/knoldus/Desktop/feature-myProfile/go1Percent_Automation/go1percent/test/FE/myProfile.js:
    –––––––––––––––––––––––––––––––––––––––––––––––––––––––––––––––––––––––––––––––––––––––––––––––
     17 |             .navigate()
     18 |             .pause(3000)
     19 |             .enterCredentials(browser.globals.userName, browser.globals.password) 
     20 |             //browser.pause(3000);
     21 |             .signIn()
    –––––––––––––––––––––––––––––––––––––––––––––––––––––––––––––––––––––––––––––––––––––––––––––––

 NoSuchElementError
   An element could not be located on the page using the given search parameters.

    Try fixing by :
    1. Please inspect the html before the step
    2. Verify if an element with the mentioned selector is present in the DOM tree

    Error location:
    /home/knoldus/Desktop/feature-myProfile/go1Percent_Automation/go1percent/test/FE/myProfile.js:
    –––––––––––––––––––––––––––––––––––––––––––––––––––––––––––––––––––––––––––––––––––––––––––––––
     17 |             .navigate()
     18 |             .pause(3000)
     19 |             .enterCredentials(browser.globals.userName, browser.globals.password) 
     20 |             //browser.pause(3000);
     21 |             .signIn()
    –––––––––––––––––––––––––––––––––––––––––––––––––––––––––––––––––––––––––––––––––––––––––––––––

 NoSuchElementError
   An element could not be located on the page using the given search parameters.

    Try fixing by :
    1. Please inspect the html before the step
    2. Verify if an element with the mentioned selector is present in the DOM tree

    Error location:
    /home/knoldus/Desktop/feature-myProfile/go1Percent_Automation/go1percent/test/FE/myProfile.js:
    –––––––––––––––––––––––––––––––––––––––––––––––––––––––––––––––––––––––––––––––––––––––––––––––
     17 |             .navigate()
     18 |             .pause(3000)
     19 |             .enterCredentials(browser.globals.userName, browser.globals.password) 
     20 |             //browser.pause(3000);
     21 |             .signIn()
    –––––––––––––––––––––––––––––––––––––––––––––––––––––––––––––––––––––––––––––––––––––––––––––––

 NoSuchElementError
   An element could not be located on the page using the given search parameters.

    Try fixing by :
    1. Please inspect the html before the step
    2. Verify if an element with the mentioned selector is present in the DOM tree

    Error location:
    /home/knoldus/Desktop/feature-myProfile/go1Percent_Automation/go1percent/test/FE/myProfile.js:
    –––––––––––––––––––––––––––––––––––––––––––––––––––––––––––––––––––––––––––––––––––––––––––––––
     17 |             .navigate()
     18 |             .pause(3000)
     19 |             .enterCredentials(browser.globals.userName, browser.globals.password) 
     20 |             //browser.pause(3000);
     21 |             .signIn()
    –––––––––––––––––––––––––––––––––––––––––––––––––––––––––––––––––––––––––––––––––––––––––––––––

    </system-err>
  

    

  
  </testsuite>
</testsuites>
